# JRE version: OpenJDK Runtime Environment Temurin-17.0.5+8 (17.0.5+8) (build 17.0.5+8)
# Java VM: OpenJDK 64-Bit Server VM Temurin-17.0.5+8 (17.0.5+8, mixed mode, tiered, compressed oops, compressed class ptrs, parallel gc, windows-amd64)
GC Precious Log:
 CPUs: 16 total, 16 available
 Memory: 10085M
 Large Page Support: Disabled
 NUMA Support: Disabled
 Compressed Oops: Enabled (32-bit)
 Alignments: Space 512K, Generation 512K, Heap 2M
 Heap Min Capacity: 100M
 Heap Initial Capacity: 100M
 Heap Max Capacity: 1G
 Pre-touch: Disabled
 Parallel Workers: 13
Heap:
 PSYoungGen      total 5120K, used 3544K [0x00000000eab00000, 0x00000000eb280000, 0x0000000100000000)
  eden space 3584K, 61% used [0x00000000eab00000,0x00000000ead263e8,0x00000000eae80000)
  from space 1536K, 87% used [0x00000000eaf00000,0x00000000eb050010,0x00000000eb080000)
  to   space 2048K, 0% used [0x00000000eb080000,0x00000000eb080000,0x00000000eb280000)
 ParOldGen       total 214016K, used 179830K [0x00000000c0000000, 0x00000000cd100000, 0x00000000eab00000)
  object space 214016K, 84% used [0x00000000c0000000,0x00000000caf9dab0,0x00000000cd100000)
 Metaspace       used 59163K, committed 60032K, reserved 1105920K
  class space    used 6208K, committed 6656K, reserved 1048576K
GC Heap History (20 events):
Event: 126.733 GC heap before
{Heap before GC invocations=452 (full 15):
 PSYoungGen      total 5632K, used 5315K [0x00000000eab00000, 0x00000000eb780000, 0x0000000100000000)
  eden space 4608K, 93% used [0x00000000eab00000,0x00000000eaf30fd8,0x00000000eaf80000)
  from space 1024K, 100% used [0x00000000eb100000,0x00000000eb200000,0x00000000eb200000)
  to   space 4096K, 0% used [0x00000000eb380000,0x00000000eb380000,0x00000000eb780000)
 ParOldGen       total 214016K, used 174268K [0x00000000c0000000, 0x00000000cd100000, 0x00000000eab00000)
  object space 214016K, 81% used [0x00000000c0000000,0x00000000caa2f090,0x00000000cd100000)
 Metaspace       used 59162K, committed 60032K, reserved 1105920K
  class space    used 6207K, committed 6656K, reserved 1048576K
}
Event: 126.738 GC heap after
{Heap after GC invocations=452 (full 15):
 PSYoungGen      total 7168K, used 2464K [0x00000000eab00000, 0x00000000eb600000, 0x0000000100000000)
  eden space 4608K, 0% used [0x00000000eab00000,0x00000000eab00000,0x00000000eaf80000)
  from space 2560K, 96% used [0x00000000eb380000,0x00000000eb5e8020,0x00000000eb600000)
  to   space 3072K, 0% used [0x00000000eb000000,0x00000000eb000000,0x00000000eb300000)
 ParOldGen       total 214016K, used 174268K [0x00000000c0000000, 0x00000000cd100000, 0x00000000eab00000)
  object space 214016K, 81% used [0x00000000c0000000,0x00000000caa2f090,0x00000000cd100000)
 Metaspace       used 59162K, committed 60032K, reserved 1105920K
  class space    used 6207K, committed 6656K, reserved 1048576K
}
Event: 126.921 GC heap before
{Heap before GC invocations=453 (full 15):
 PSYoungGen      total 7168K, used 7072K [0x00000000eab00000, 0x00000000eb600000, 0x0000000100000000)
  eden space 4608K, 99% used [0x00000000eab00000,0x00000000eaf7fff8,0x00000000eaf80000)
  from space 2560K, 96% used [0x00000000eb380000,0x00000000eb5e8020,0x00000000eb600000)
  to   space 3072K, 0% used [0x00000000eb000000,0x00000000eb000000,0x00000000eb300000)
 ParOldGen       total 214016K, used 174268K [0x00000000c0000000, 0x00000000cd100000, 0x00000000eab00000)
  object space 214016K, 81% used [0x00000000c0000000,0x00000000caa2f090,0x00000000cd100000)
 Metaspace       used 59162K, committed 60032K, reserved 1105920K
  class space    used 6207K, committed 6656K, reserved 1048576K
}
Event: 126.925 GC heap after
{Heap after GC invocations=453 (full 15):
 PSYoungGen      total 7680K, used 2688K [0x00000000eab00000, 0x00000000eb580000, 0x0000000100000000)
  eden space 4608K, 0% used [0x00000000eab00000,0x00000000eab00000,0x00000000eaf80000)
  from space 3072K, 87% used [0x00000000eb000000,0x00000000eb2a0020,0x00000000eb300000)
  to   space 2560K, 0% used [0x00000000eb300000,0x00000000eb300000,0x00000000eb580000)
 ParOldGen       total 214016K, used 174268K [0x00000000c0000000, 0x00000000cd100000, 0x00000000eab00000)
  object space 214016K, 81% used [0x00000000c0000000,0x00000000caa2f090,0x00000000cd100000)
 Metaspace       used 59162K, committed 60032K, reserved 1105920K
  class space    used 6207K, committed 6656K, reserved 1048576K
}
Event: 127.189 GC heap before
{Heap before GC invocations=454 (full 15):
 PSYoungGen      total 7680K, used 6502K [0x00000000eab00000, 0x00000000eb580000, 0x0000000100000000)
  eden space 4608K, 82% used [0x00000000eab00000,0x00000000eaeb9970,0x00000000eaf80000)
  from space 3072K, 87% used [0x00000000eb000000,0x00000000eb2a0020,0x00000000eb300000)
  to   space 2560K, 0% used [0x00000000eb300000,0x00000000eb300000,0x00000000eb580000)
 ParOldGen       total 214016K, used 174268K [0x00000000c0000000, 0x00000000cd100000, 0x00000000eab00000)
  object space 214016K, 81% used [0x00000000c0000000,0x00000000caa2f090,0x00000000cd100000)
 Metaspace       used 59162K, committed 60032K, reserved 1105920K
  class space    used 6207K, committed 6656K, reserved 1048576K
}
Event: 127.193 GC heap after
{Heap after GC invocations=454 (full 15):
 PSYoungGen      total 7168K, used 2528K [0x00000000eab00000, 0x00000000eb580000, 0x0000000100000000)
  eden space 4608K, 0% used [0x00000000eab00000,0x00000000eab00000,0x00000000eaf80000)
  from space 2560K, 98% used [0x00000000eb300000,0x00000000eb578020,0x00000000eb580000)
  to   space 3072K, 0% used [0x00000000eaf80000,0x00000000eaf80000,0x00000000eb280000)
 ParOldGen       total 214016K, used 174268K [0x00000000c0000000, 0x00000000cd100000, 0x00000000eab00000)
  object space 214016K, 81% used [0x00000000c0000000,0x00000000caa2f090,0x00000000cd100000)
 Metaspace       used 59162K, committed 60032K, reserved 1105920K
  class space    used 6207K, committed 6656K, reserved 1048576K
}
Event: 127.462 GC heap before
{Heap before GC invocations=455 (full 15):
 PSYoungGen      total 7168K, used 7129K [0x00000000eab00000, 0x00000000eb580000, 0x0000000100000000)
  eden space 4608K, 99% used [0x00000000eab00000,0x00000000eaf7e478,0x00000000eaf80000)
  from space 2560K, 98% used [0x00000000eb300000,0x00000000eb578020,0x00000000eb580000)
  to   space 3072K, 0% used [0x00000000eaf80000,0x00000000eaf80000,0x00000000eb280000)
 ParOldGen       total 214016K, used 174268K [0x00000000c0000000, 0x00000000cd100000, 0x00000000eab00000)
  object space 214016K, 81% used [0x00000000c0000000,0x00000000caa2f090,0x00000000cd100000)
 Metaspace       used 59162K, committed 60032K, reserved 1105920K
  class space    used 6207K, committed 6656K, reserved 1048576K
}
Event: 127.466 GC heap after
{Heap after GC invocations=455 (full 15):
 PSYoungGen      total 7680K, used 2592K [0x00000000eab00000, 0x00000000eb580000, 0x0000000100000000)
  eden space 4608K, 0% used [0x00000000eab00000,0x00000000eab00000,0x00000000eaf80000)
  from space 3072K, 84% used [0x00000000eaf80000,0x00000000eb208020,0x00000000eb280000)
  to   space 3072K, 0% used [0x00000000eb280000,0x00000000eb280000,0x00000000eb580000)
 ParOldGen       total 214016K, used 174268K [0x00000000c0000000, 0x00000000cd100000, 0x00000000eab00000)
  object space 214016K, 81% used [0x00000000c0000000,0x00000000caa2f090,0x00000000cd100000)
 Metaspace       used 59162K, committed 60032K, reserved 1105920K
  class space    used 6207K, committed 6656K, reserved 1048576K
}
Event: 127.778 GC heap before
{Heap before GC invocations=456 (full 15):
 PSYoungGen      total 7680K, used 6806K [0x00000000eab00000, 0x00000000eb580000, 0x0000000100000000)
  eden space 4608K, 91% used [0x00000000eab00000,0x00000000eaf1dad8,0x00000000eaf80000)
  from space 3072K, 84% used [0x00000000eaf80000,0x00000000eb208020,0x00000000eb280000)
  to   space 3072K, 0% used [0x00000000eb280000,0x00000000eb280000,0x00000000eb580000)
 ParOldGen       total 214016K, used 174268K [0x00000000c0000000, 0x00000000cd100000, 0x00000000eab00000)
  object space 214016K, 81% used [0x00000000c0000000,0x00000000caa2f090,0x00000000cd100000)
 Metaspace       used 59162K, committed 60032K, reserved 1105920K
  class space    used 6207K, committed 6656K, reserved 1048576K
}
Event: 127.780 GC heap after
{Heap after GC invocations=456 (full 15):
 PSYoungGen      total 5120K, used 384K [0x00000000eab00000, 0x00000000eb300000, 0x0000000100000000)
  eden space 4608K, 0% used [0x00000000eab00000,0x00000000eab00000,0x00000000eaf80000)
  from space 512K, 75% used [0x00000000eb280000,0x00000000eb2e0000,0x00000000eb300000)
  to   space 1536K, 0% used [0x00000000eb000000,0x00000000eb000000,0x00000000eb180000)
 ParOldGen       total 214016K, used 174268K [0x00000000c0000000, 0x00000000cd100000, 0x00000000eab00000)
  object space 214016K, 81% used [0x00000000c0000000,0x00000000caa2f090,0x00000000cd100000)
 Metaspace       used 59162K, committed 60032K, reserved 1105920K
  class space    used 6207K, committed 6656K, reserved 1048576K
}
Event: 128.467 GC heap before
{Heap before GC invocations=457 (full 15):
 PSYoungGen      total 5120K, used 4799K [0x00000000eab00000, 0x00000000eb300000, 0x0000000100000000)
  eden space 4608K, 95% used [0x00000000eab00000,0x00000000eaf4ff80,0x00000000eaf80000)
  from space 512K, 75% used [0x00000000eb280000,0x00000000eb2e0000,0x00000000eb300000)
  to   space 1536K, 0% used [0x00000000eb000000,0x00000000eb000000,0x00000000eb180000)
 ParOldGen       total 214016K, used 174268K [0x00000000c0000000, 0x00000000cd100000, 0x00000000eab00000)
  object space 214016K, 81% used [0x00000000c0000000,0x00000000caa2f090,0x00000000cd100000)
 Metaspace       used 59162K, committed 60032K, reserved 1105920K
  class space    used 6207K, committed 6656K, reserved 1048576K
}
Event: 128.470 GC heap after
{Heap after GC invocations=457 (full 15):
 PSYoungGen      total 6144K, used 352K [0x00000000eab00000, 0x00000000eb300000, 0x0000000100000000)
  eden space 4608K, 0% used [0x00000000eab00000,0x00000000eab00000,0x00000000eaf80000)
  from space 1536K, 22% used [0x00000000eb000000,0x00000000eb058000,0x00000000eb180000)
  to   space 512K, 0% used [0x00000000eb280000,0x00000000eb280000,0x00000000eb300000)
 ParOldGen       total 214016K, used 174268K [0x00000000c0000000, 0x00000000cd100000, 0x00000000eab00000)
  object space 214016K, 81% used [0x00000000c0000000,0x00000000caa2f090,0x00000000cd100000)
 Metaspace       used 59162K, committed 60032K, reserved 1105920K
  class space    used 6207K, committed 6656K, reserved 1048576K
}
Event: 128.667 GC heap before
{Heap before GC invocations=458 (full 15):
 PSYoungGen      total 6144K, used 4780K [0x00000000eab00000, 0x00000000eb300000, 0x0000000100000000)
  eden space 4608K, 96% used [0x00000000eab00000,0x00000000eaf533e0,0x00000000eaf80000)
  from space 1536K, 22% used [0x00000000eb000000,0x00000000eb058000,0x00000000eb180000)
  to   space 512K, 0% used [0x00000000eb280000,0x00000000eb280000,0x00000000eb300000)
 ParOldGen       total 214016K, used 174268K [0x00000000c0000000, 0x00000000cd100000, 0x00000000eab00000)
  object space 214016K, 81% used [0x00000000c0000000,0x00000000caa2f090,0x00000000cd100000)
 Metaspace       used 59162K, committed 60032K, reserved 1105920K
  class space    used 6207K, committed 6656K, reserved 1048576K
}
Event: 128.671 GC heap after
{Heap after GC invocations=458 (full 15):
 PSYoungGen      total 4096K, used 512K [0x00000000eab00000, 0x00000000eb780000, 0x0000000100000000)
  eden space 3584K, 0% used [0x00000000eab00000,0x00000000eab00000,0x00000000eae80000)
  from space 512K, 100% used [0x00000000eb280000,0x00000000eb300000,0x00000000eb300000)
  to   space 4096K, 0% used [0x00000000eae80000,0x00000000eae80000,0x00000000eb280000)
 ParOldGen       total 214016K, used 177245K [0x00000000c0000000, 0x00000000cd100000, 0x00000000eab00000)
  object space 214016K, 82% used [0x00000000c0000000,0x00000000cad17740,0x00000000cd100000)
 Metaspace       used 59162K, committed 60032K, reserved 1105920K
  class space    used 6207K, committed 6656K, reserved 1048576K
}
Event: 129.196 GC heap before
{Heap before GC invocations=459 (full 15):
 PSYoungGen      total 4096K, used 4095K [0x00000000eab00000, 0x00000000eb780000, 0x0000000100000000)
  eden space 3584K, 99% used [0x00000000eab00000,0x00000000eae7ff10,0x00000000eae80000)
  from space 512K, 100% used [0x00000000eb280000,0x00000000eb300000,0x00000000eb300000)
  to   space 4096K, 0% used [0x00000000eae80000,0x00000000eae80000,0x00000000eb280000)
 ParOldGen       total 214016K, used 177245K [0x00000000c0000000, 0x00000000cd100000, 0x00000000eab00000)
  object space 214016K, 82% used [0x00000000c0000000,0x00000000cad17740,0x00000000cd100000)
 Metaspace       used 59163K, committed 60032K, reserved 1105920K
  class space    used 6208K, committed 6656K, reserved 1048576K
}
Event: 129.200 GC heap after
{Heap after GC invocations=459 (full 15):
 PSYoungGen      total 6656K, used 2720K [0x00000000eab00000, 0x00000000eb480000, 0x0000000100000000)
  eden space 3584K, 0% used [0x00000000eab00000,0x00000000eab00000,0x00000000eae80000)
  from space 3072K, 88% used [0x00000000eae80000,0x00000000eb128010,0x00000000eb180000)
  to   space 3072K, 0% used [0x00000000eb180000,0x00000000eb180000,0x00000000eb480000)
 ParOldGen       total 214016K, used 177245K [0x00000000c0000000, 0x00000000cd100000, 0x00000000eab00000)
  object space 214016K, 82% used [0x00000000c0000000,0x00000000cad17740,0x00000000cd100000)
 Metaspace       used 59163K, committed 60032K, reserved 1105920K
  class space    used 6208K, committed 6656K, reserved 1048576K
}
Event: 129.520 GC heap before
{Heap before GC invocations=460 (full 15):
 PSYoungGen      total 6656K, used 5352K [0x00000000eab00000, 0x00000000eb480000, 0x0000000100000000)
  eden space 3584K, 73% used [0x00000000eab00000,0x00000000ead92380,0x00000000eae80000)
  from space 3072K, 88% used [0x00000000eae80000,0x00000000eb128010,0x00000000eb180000)
  to   space 3072K, 0% used [0x00000000eb180000,0x00000000eb180000,0x00000000eb480000)
 ParOldGen       total 214016K, used 177245K [0x00000000c0000000, 0x00000000cd100000, 0x00000000eab00000)
  object space 214016K, 82% used [0x00000000c0000000,0x00000000cad17740,0x00000000cd100000)
 Metaspace       used 59163K, committed 60032K, reserved 1105920K
  class space    used 6208K, committed 6656K, reserved 1048576K
}
Event: 129.522 GC heap after
{Heap after GC invocations=460 (full 15):
 PSYoungGen      total 4096K, used 352K [0x00000000eab00000, 0x00000000eb200000, 0x0000000100000000)
  eden space 3584K, 0% used [0x00000000eab00000,0x00000000eab00000,0x00000000eae80000)
  from space 512K, 68% used [0x00000000eb180000,0x00000000eb1d8000,0x00000000eb200000)
  to   space 1536K, 0% used [0x00000000eaf00000,0x00000000eaf00000,0x00000000eb080000)
 ParOldGen       total 214016K, used 177245K [0x00000000c0000000, 0x00000000cd100000, 0x00000000eab00000)
  object space 214016K, 82% used [0x00000000c0000000,0x00000000cad17740,0x00000000cd100000)
 Metaspace       used 59163K, committed 60032K, reserved 1105920K
  class space    used 6208K, committed 6656K, reserved 1048576K
}
Event: 129.810 GC heap before
{Heap before GC invocations=461 (full 15):
 PSYoungGen      total 4096K, used 3735K [0x00000000eab00000, 0x00000000eb200000, 0x0000000100000000)
  eden space 3584K, 94% used [0x00000000eab00000,0x00000000eae4dfb8,0x00000000eae80000)
  from space 512K, 68% used [0x00000000eb180000,0x00000000eb1d8000,0x00000000eb200000)
  to   space 1536K, 0% used [0x00000000eaf00000,0x00000000eaf00000,0x00000000eb080000)
 ParOldGen       total 214016K, used 177245K [0x00000000c0000000, 0x00000000cd100000, 0x00000000eab00000)
  object space 214016K, 82% used [0x00000000c0000000,0x00000000cad17740,0x00000000cd100000)
 Metaspace       used 59163K, committed 60032K, reserved 1105920K
  class space    used 6208K, committed 6656K, reserved 1048576K
}
Event: 129.813 GC heap after
{Heap after GC invocations=461 (full 15):
 PSYoungGen      total 5120K, used 1408K [0x00000000eab00000, 0x00000000eb200000, 0x0000000100000000)
  eden space 3584K, 0% used [0x00000000eab00000,0x00000000eab00000,0x00000000eae80000)
  from space 1536K, 91% used [0x00000000eaf00000,0x00000000eb060010,0x00000000eb080000)
  to   space 512K, 0% used [0x00000000eb180000,0x00000000eb180000,0x00000000eb200000)
 ParOldGen       total 214016K, used 177245K [0x00000000c0000000, 0x00000000cd100000, 0x00000000eab00000)
  object space 214016K, 82% used [0x00000000c0000000,0x00000000cad17740,0x00000000cd100000)
 Metaspace       used 59163K, committed 60032K, reserved 1105920K
  class space    used 6208K, committed 6656K, reserved 1048576K
}

