# JRE version: OpenJDK Runtime Environment Temurin-17.0.5+8 (17.0.5+8) (build 17.0.5+8)
# Java VM: OpenJDK 64-Bit Server VM Temurin-17.0.5+8 (17.0.5+8, mixed mode, tiered, compressed oops, compressed class ptrs, parallel gc, windows-amd64)
GC Precious Log:
 CPUs: 16 total, 16 available
 Memory: 10085M
 Large Page Support: Disabled
 NUMA Support: Disabled
 Compressed Oops: Enabled (32-bit)
 Alignments: Space 512K, Generation 512K, Heap 2M
 Heap Min Capacity: 100M
 Heap Initial Capacity: 100M
 Heap Max Capacity: 1G
 Pre-touch: Disabled
 Parallel Workers: 13
Heap:
 PSYoungGen      total 2560K, used 2066K [0x00000000eab00000, 0x00000000eaf80000, 0x0000000100000000)
  eden space 1024K, 92% used [0x00000000eab00000,0x00000000eabed688,0x00000000eac00000)
  from space 1536K, 72% used [0x00000000eac00000,0x00000000ead18000,0x00000000ead80000)
  to   space 1536K, 0% used [0x00000000eae00000,0x00000000eae00000,0x00000000eaf80000)
 ParOldGen       total 304640K, used 298048K [0x00000000c0000000, 0x00000000d2980000, 0x00000000eab00000)
  object space 304640K, 97% used [0x00000000c0000000,0x00000000d2310200,0x00000000d2980000)
 Metaspace       used 56898K, committed 57792K, reserved 1105920K
  class space    used 6018K, committed 6400K, reserved 1048576K
GC Heap History (20 events):
Event: 48.059 GC heap before
{Heap before GC invocations=317 (full 13):
 PSYoungGen      total 3072K, used 2875K [0x00000000eab00000, 0x00000000eb180000, 0x0000000100000000)
  eden space 1536K, 100% used [0x00000000eab00000,0x00000000eac80000,0x00000000eac80000)
  from space 1536K, 87% used [0x00000000eb000000,0x00000000eb14efa0,0x00000000eb180000)
  to   space 2048K, 0% used [0x00000000ead80000,0x00000000ead80000,0x00000000eaf80000)
 ParOldGen       total 304640K, used 288563K [0x00000000c0000000, 0x00000000d2980000, 0x00000000eab00000)
  object space 304640K, 94% used [0x00000000c0000000,0x00000000d19ccd30,0x00000000d2980000)
 Metaspace       used 56550K, committed 57472K, reserved 1105920K
  class space    used 5987K, committed 6400K, reserved 1048576K
}
Event: 48.065 GC heap after
{Heap after GC invocations=317 (full 13):
 PSYoungGen      total 3584K, used 2019K [0x00000000eab00000, 0x00000000eb280000, 0x0000000100000000)
  eden space 1536K, 0% used [0x00000000eab00000,0x00000000eab00000,0x00000000eac80000)
  from space 2048K, 98% used [0x00000000ead80000,0x00000000eaf78fd0,0x00000000eaf80000)
  to   space 3072K, 0% used [0x00000000eaf80000,0x00000000eaf80000,0x00000000eb280000)
 ParOldGen       total 304640K, used 289147K [0x00000000c0000000, 0x00000000d2980000, 0x00000000eab00000)
  object space 304640K, 94% used [0x00000000c0000000,0x00000000d1a5ec70,0x00000000d2980000)
 Metaspace       used 56550K, committed 57472K, reserved 1105920K
  class space    used 5987K, committed 6400K, reserved 1048576K
}
Event: 48.481 GC heap before
{Heap before GC invocations=318 (full 13):
 PSYoungGen      total 3584K, used 3555K [0x00000000eab00000, 0x00000000eb280000, 0x0000000100000000)
  eden space 1536K, 100% used [0x00000000eab00000,0x00000000eac80000,0x00000000eac80000)
  from space 2048K, 98% used [0x00000000ead80000,0x00000000eaf78fd0,0x00000000eaf80000)
  to   space 3072K, 0% used [0x00000000eaf80000,0x00000000eaf80000,0x00000000eb280000)
 ParOldGen       total 304640K, used 289147K [0x00000000c0000000, 0x00000000d2980000, 0x00000000eab00000)
  object space 304640K, 94% used [0x00000000c0000000,0x00000000d1a5ec70,0x00000000d2980000)
 Metaspace       used 56550K, committed 57472K, reserved 1105920K
  class space    used 5987K, committed 6400K, reserved 1048576K
}
Event: 48.487 GC heap after
{Heap after GC invocations=318 (full 13):
 PSYoungGen      total 3072K, used 1403K [0x00000000eab00000, 0x00000000eb100000, 0x0000000100000000)
  eden space 1536K, 0% used [0x00000000eab00000,0x00000000eab00000,0x00000000eac80000)
  from space 1536K, 91% used [0x00000000eaf80000,0x00000000eb0def48,0x00000000eb100000)
  to   space 2048K, 0% used [0x00000000ead00000,0x00000000ead00000,0x00000000eaf00000)
 ParOldGen       total 304640K, used 291161K [0x00000000c0000000, 0x00000000d2980000, 0x00000000eab00000)
  object space 304640K, 95% used [0x00000000c0000000,0x00000000d1c56648,0x00000000d2980000)
 Metaspace       used 56550K, committed 57472K, reserved 1105920K
  class space    used 5987K, committed 6400K, reserved 1048576K
}
Event: 49.360 GC heap before
{Heap before GC invocations=319 (full 13):
 PSYoungGen      total 3072K, used 2939K [0x00000000eab00000, 0x00000000eb100000, 0x0000000100000000)
  eden space 1536K, 100% used [0x00000000eab00000,0x00000000eac80000,0x00000000eac80000)
  from space 1536K, 91% used [0x00000000eaf80000,0x00000000eb0def48,0x00000000eb100000)
  to   space 2048K, 0% used [0x00000000ead00000,0x00000000ead00000,0x00000000eaf00000)
 ParOldGen       total 304640K, used 291161K [0x00000000c0000000, 0x00000000d2980000, 0x00000000eab00000)
  object space 304640K, 95% used [0x00000000c0000000,0x00000000d1c56648,0x00000000d2980000)
 Metaspace       used 56551K, committed 57472K, reserved 1105920K
  class space    used 5987K, committed 6400K, reserved 1048576K
}
Event: 49.365 GC heap after
{Heap after GC invocations=319 (full 13):
 PSYoungGen      total 3584K, used 2047K [0x00000000eab00000, 0x00000000eb180000, 0x0000000100000000)
  eden space 1536K, 0% used [0x00000000eab00000,0x00000000eab00000,0x00000000eac80000)
  from space 2048K, 99% used [0x00000000ead00000,0x00000000eaefff18,0x00000000eaf00000)
  to   space 2560K, 0% used [0x00000000eaf00000,0x00000000eaf00000,0x00000000eb180000)
 ParOldGen       total 304640K, used 291489K [0x00000000c0000000, 0x00000000d2980000, 0x00000000eab00000)
  object space 304640K, 95% used [0x00000000c0000000,0x00000000d1ca8648,0x00000000d2980000)
 Metaspace       used 56551K, committed 57472K, reserved 1105920K
  class space    used 5987K, committed 6400K, reserved 1048576K
}
Event: 49.629 GC heap before
{Heap before GC invocations=320 (full 13):
 PSYoungGen      total 3584K, used 3583K [0x00000000eab00000, 0x00000000eb180000, 0x0000000100000000)
  eden space 1536K, 100% used [0x00000000eab00000,0x00000000eac80000,0x00000000eac80000)
  from space 2048K, 99% used [0x00000000ead00000,0x00000000eaefff18,0x00000000eaf00000)
  to   space 2560K, 0% used [0x00000000eaf00000,0x00000000eaf00000,0x00000000eb180000)
 ParOldGen       total 304640K, used 291489K [0x00000000c0000000, 0x00000000d2980000, 0x00000000eab00000)
  object space 304640K, 95% used [0x00000000c0000000,0x00000000d1ca8648,0x00000000d2980000)
 Metaspace       used 56572K, committed 57472K, reserved 1105920K
  class space    used 5987K, committed 6400K, reserved 1048576K
}
Event: 49.634 GC heap after
{Heap after GC invocations=320 (full 13):
 PSYoungGen      total 2560K, used 872K [0x00000000eab00000, 0x00000000eb000000, 0x0000000100000000)
  eden space 1536K, 0% used [0x00000000eab00000,0x00000000eab00000,0x00000000eac80000)
  from space 1024K, 85% used [0x00000000eaf00000,0x00000000eafda000,0x00000000eb000000)
  to   space 1536K, 0% used [0x00000000ead00000,0x00000000ead00000,0x00000000eae80000)
 ParOldGen       total 304640K, used 293577K [0x00000000c0000000, 0x00000000d2980000, 0x00000000eab00000)
  object space 304640K, 96% used [0x00000000c0000000,0x00000000d1eb2550,0x00000000d2980000)
 Metaspace       used 56572K, committed 57472K, reserved 1105920K
  class space    used 5987K, committed 6400K, reserved 1048576K
}
Event: 49.659 GC heap before
{Heap before GC invocations=321 (full 13):
 PSYoungGen      total 2560K, used 2408K [0x00000000eab00000, 0x00000000eb000000, 0x0000000100000000)
  eden space 1536K, 100% used [0x00000000eab00000,0x00000000eac80000,0x00000000eac80000)
  from space 1024K, 85% used [0x00000000eaf00000,0x00000000eafda000,0x00000000eb000000)
  to   space 1536K, 0% used [0x00000000ead00000,0x00000000ead00000,0x00000000eae80000)
 ParOldGen       total 304640K, used 293577K [0x00000000c0000000, 0x00000000d2980000, 0x00000000eab00000)
  object space 304640K, 96% used [0x00000000c0000000,0x00000000d1eb2550,0x00000000d2980000)
 Metaspace       used 56595K, committed 57536K, reserved 1105920K
  class space    used 5989K, committed 6400K, reserved 1048576K
}
Event: 49.662 GC heap after
{Heap after GC invocations=321 (full 13):
 PSYoungGen      total 3072K, used 1224K [0x00000000eab00000, 0x00000000eaf80000, 0x0000000100000000)
  eden space 1536K, 0% used [0x00000000eab00000,0x00000000eab00000,0x00000000eac80000)
  from space 1536K, 79% used [0x00000000ead00000,0x00000000eae32000,0x00000000eae80000)
  to   space 1024K, 0% used [0x00000000eae80000,0x00000000eae80000,0x00000000eaf80000)
 ParOldGen       total 304640K, used 293585K [0x00000000c0000000, 0x00000000d2980000, 0x00000000eab00000)
  object space 304640K, 96% used [0x00000000c0000000,0x00000000d1eb4550,0x00000000d2980000)
 Metaspace       used 56595K, committed 57536K, reserved 1105920K
  class space    used 5989K, committed 6400K, reserved 1048576K
}
Event: 49.709 GC heap before
{Heap before GC invocations=322 (full 13):
 PSYoungGen      total 3072K, used 2759K [0x00000000eab00000, 0x00000000eaf80000, 0x0000000100000000)
  eden space 1536K, 99% used [0x00000000eab00000,0x00000000eac7ffe0,0x00000000eac80000)
  from space 1536K, 79% used [0x00000000ead00000,0x00000000eae32000,0x00000000eae80000)
  to   space 1024K, 0% used [0x00000000eae80000,0x00000000eae80000,0x00000000eaf80000)
 ParOldGen       total 304640K, used 293585K [0x00000000c0000000, 0x00000000d2980000, 0x00000000eab00000)
  object space 304640K, 96% used [0x00000000c0000000,0x00000000d1eb4550,0x00000000d2980000)
 Metaspace       used 56717K, committed 57664K, reserved 1105920K
  class space    used 6002K, committed 6400K, reserved 1048576K
}
Event: 49.713 GC heap after
{Heap after GC invocations=322 (full 13):
 PSYoungGen      total 2560K, used 1007K [0x00000000eab00000, 0x00000000eaf80000, 0x0000000100000000)
  eden space 1536K, 0% used [0x00000000eab00000,0x00000000eab00000,0x00000000eac80000)
  from space 1024K, 98% used [0x00000000eae80000,0x00000000eaf7bf18,0x00000000eaf80000)
  to   space 1536K, 0% used [0x00000000eac80000,0x00000000eac80000,0x00000000eae00000)
 ParOldGen       total 304640K, used 294050K [0x00000000c0000000, 0x00000000d2980000, 0x00000000eab00000)
  object space 304640K, 96% used [0x00000000c0000000,0x00000000d1f289e8,0x00000000d2980000)
 Metaspace       used 56717K, committed 57664K, reserved 1105920K
  class space    used 6002K, committed 6400K, reserved 1048576K
}
Event: 49.874 GC heap before
{Heap before GC invocations=323 (full 13):
 PSYoungGen      total 2560K, used 2543K [0x00000000eab00000, 0x00000000eaf80000, 0x0000000100000000)
  eden space 1536K, 100% used [0x00000000eab00000,0x00000000eac80000,0x00000000eac80000)
  from space 1024K, 98% used [0x00000000eae80000,0x00000000eaf7bf18,0x00000000eaf80000)
  to   space 1536K, 0% used [0x00000000eac80000,0x00000000eac80000,0x00000000eae00000)
 ParOldGen       total 304640K, used 294050K [0x00000000c0000000, 0x00000000d2980000, 0x00000000eab00000)
  object space 304640K, 96% used [0x00000000c0000000,0x00000000d1f289e8,0x00000000d2980000)
 Metaspace       used 56832K, committed 57728K, reserved 1105920K
  class space    used 6014K, committed 6400K, reserved 1048576K
}
Event: 49.879 GC heap after
{Heap after GC invocations=323 (full 13):
 PSYoungGen      total 3072K, used 1135K [0x00000000eab00000, 0x00000000eaf80000, 0x0000000100000000)
  eden space 1536K, 0% used [0x00000000eab00000,0x00000000eab00000,0x00000000eac80000)
  from space 1536K, 73% used [0x00000000eac80000,0x00000000ead9bf18,0x00000000eae00000)
  to   space 1536K, 0% used [0x00000000eae00000,0x00000000eae00000,0x00000000eaf80000)
 ParOldGen       total 304640K, used 294743K [0x00000000c0000000, 0x00000000d2980000, 0x00000000eab00000)
  object space 304640K, 96% used [0x00000000c0000000,0x00000000d1fd5f40,0x00000000d2980000)
 Metaspace       used 56832K, committed 57728K, reserved 1105920K
  class space    used 6014K, committed 6400K, reserved 1048576K
}
Event: 49.930 GC heap before
{Heap before GC invocations=324 (full 13):
 PSYoungGen      total 3072K, used 2240K [0x00000000eab00000, 0x00000000eaf80000, 0x0000000100000000)
  eden space 1536K, 71% used [0x00000000eab00000,0x00000000eac14368,0x00000000eac80000)
  from space 1536K, 73% used [0x00000000eac80000,0x00000000ead9bf18,0x00000000eae00000)
  to   space 1536K, 0% used [0x00000000eae00000,0x00000000eae00000,0x00000000eaf80000)
 ParOldGen       total 304640K, used 295767K [0x00000000c0000000, 0x00000000d2980000, 0x00000000eab00000)
  object space 304640K, 97% used [0x00000000c0000000,0x00000000d20d5f50,0x00000000d2980000)
 Metaspace       used 56852K, committed 57728K, reserved 1105920K
  class space    used 6016K, committed 6400K, reserved 1048576K
}
Event: 49.933 GC heap after
{Heap after GC invocations=324 (full 13):
 PSYoungGen      total 2048K, used 1515K [0x00000000eab00000, 0x00000000eb180000, 0x0000000100000000)
  eden space 512K, 0% used [0x00000000eab00000,0x00000000eab00000,0x00000000eab80000)
  from space 1536K, 98% used [0x00000000eae00000,0x00000000eaf7af70,0x00000000eaf80000)
  to   space 2560K, 0% used [0x00000000eab80000,0x00000000eab80000,0x00000000eae00000)
 ParOldGen       total 304640K, used 296290K [0x00000000c0000000, 0x00000000d2980000, 0x00000000eab00000)
  object space 304640K, 97% used [0x00000000c0000000,0x00000000d21589c0,0x00000000d2980000)
 Metaspace       used 56852K, committed 57728K, reserved 1105920K
  class space    used 6016K, committed 6400K, reserved 1048576K
}
Event: 49.933 GC heap before
{Heap before GC invocations=325 (full 13):
 PSYoungGen      total 2048K, used 1515K [0x00000000eab00000, 0x00000000eb180000, 0x0000000100000000)
  eden space 512K, 0% used [0x00000000eab00000,0x00000000eab00000,0x00000000eab80000)
  from space 1536K, 98% used [0x00000000eae00000,0x00000000eaf7af70,0x00000000eaf80000)
  to   space 2560K, 0% used [0x00000000eab80000,0x00000000eab80000,0x00000000eae00000)
 ParOldGen       total 304640K, used 296290K [0x00000000c0000000, 0x00000000d2980000, 0x00000000eab00000)
  object space 304640K, 97% used [0x00000000c0000000,0x00000000d21589c0,0x00000000d2980000)
 Metaspace       used 56852K, committed 57728K, reserved 1105920K
  class space    used 6016K, committed 6400K, reserved 1048576K
}
Event: 49.937 GC heap after
{Heap after GC invocations=325 (full 13):
 PSYoungGen      total 2048K, used 1152K [0x00000000eab00000, 0x00000000eaf00000, 0x0000000100000000)
  eden space 512K, 0% used [0x00000000eab00000,0x00000000eab00000,0x00000000eab80000)
  from space 1536K, 75% used [0x00000000eab80000,0x00000000eaca0000,0x00000000ead00000)
  to   space 1536K, 0% used [0x00000000ead80000,0x00000000ead80000,0x00000000eaf00000)
 ParOldGen       total 304640K, used 296787K [0x00000000c0000000, 0x00000000d2980000, 0x00000000eab00000)
  object space 304640K, 97% used [0x00000000c0000000,0x00000000d21d4e68,0x00000000d2980000)
 Metaspace       used 56852K, committed 57728K, reserved 1105920K
  class space    used 6016K, committed 6400K, reserved 1048576K
}
Event: 49.937 GC heap before
{Heap before GC invocations=326 (full 14):
 PSYoungGen      total 2048K, used 1152K [0x00000000eab00000, 0x00000000eaf00000, 0x0000000100000000)
  eden space 512K, 0% used [0x00000000eab00000,0x00000000eab00000,0x00000000eab80000)
  from space 1536K, 75% used [0x00000000eab80000,0x00000000eaca0000,0x00000000ead00000)
  to   space 1536K, 0% used [0x00000000ead80000,0x00000000ead80000,0x00000000eaf00000)
 ParOldGen       total 304640K, used 296787K [0x00000000c0000000, 0x00000000d2980000, 0x00000000eab00000)
  object space 304640K, 97% used [0x00000000c0000000,0x00000000d21d4e68,0x00000000d2980000)
 Metaspace       used 56852K, committed 57728K, reserved 1105920K
  class space    used 6016K, committed 6400K, reserved 1048576K
}
Event: 50.132 GC heap after
{Heap after GC invocations=326 (full 14):
 PSYoungGen      total 2560K, used 0K [0x00000000eab00000, 0x00000000eaf00000, 0x0000000100000000)
  eden space 1024K, 0% used [0x00000000eab00000,0x00000000eab00000,0x00000000eac00000)
  from space 1536K, 0% used [0x00000000ead80000,0x00000000ead80000,0x00000000eaf00000)
  to   space 1536K, 0% used [0x00000000eac00000,0x00000000eac00000,0x00000000ead80000)
 ParOldGen       total 304640K, used 291584K [0x00000000c0000000, 0x00000000d2980000, 0x00000000eab00000)
  object space 304640K, 95% used [0x00000000c0000000,0x00000000d1cc01b0,0x00000000d2980000)
 Metaspace       used 56852K, committed 57728K, reserved 1105920K
  class space    used 6016K, committed 6400K, reserved 1048576K
}

